c:\users\charlotte\onedrive - staffordshire university\semester 2\foggs\hellogl - newest and working\hellogl\debug\vc142.pdb
c:\users\charlotte\onedrive - staffordshire university\semester 2\foggs\hellogl - newest and working\hellogl\debug\vc142.idb
c:\users\charlotte\onedrive - staffordshire university\semester 2\foggs\hellogl - newest and working\hellogl\debug\texture2d.obj
c:\users\charlotte\onedrive - staffordshire university\semester 2\foggs\hellogl - newest and working\hellogl\debug\sun.obj
c:\users\charlotte\onedrive - staffordshire university\semester 2\foggs\hellogl - newest and working\hellogl\debug\sceneobject.obj
c:\users\charlotte\onedrive - staffordshire university\semester 2\foggs\hellogl - newest and working\hellogl\debug\objloader.obj
c:\users\charlotte\onedrive - staffordshire university\semester 2\foggs\hellogl - newest and working\hellogl\debug\meshloader.obj
c:\users\charlotte\onedrive - staffordshire university\semester 2\foggs\hellogl - newest and working\hellogl\debug\main.obj
c:\users\charlotte\onedrive - staffordshire university\semester 2\foggs\hellogl - newest and working\hellogl\debug\hellogl.obj
c:\users\charlotte\onedrive - staffordshire university\semester 2\foggs\hellogl - newest and working\hellogl\debug\glutcallbacks.obj
c:\users\charlotte\onedrive - staffordshire university\semester 2\foggs\hellogl - newest and working\hellogl\debug\cube.obj
c:\users\charlotte\onedrive - staffordshire university\semester 2\foggs\hellogl - newest and working\debug\hellogl.exe
c:\users\charlotte\onedrive - staffordshire university\semester 2\foggs\hellogl - newest and working\debug\hellogl.ilk
c:\users\charlotte\onedrive - staffordshire university\semester 2\foggs\hellogl - newest and working\debug\hellogl.pdb
c:\users\charlotte\onedrive - staffordshire university\semester 2\foggs\hellogl - newest and working\hellogl\debug\hellogl.tlog\cl.command.1.tlog
c:\users\charlotte\onedrive - staffordshire university\semester 2\foggs\hellogl - newest and working\hellogl\debug\hellogl.tlog\cl.read.1.tlog
c:\users\charlotte\onedrive - staffordshire university\semester 2\foggs\hellogl - newest and working\hellogl\debug\hellogl.tlog\cl.write.1.tlog
c:\users\charlotte\onedrive - staffordshire university\semester 2\foggs\hellogl - newest and working\hellogl\debug\hellogl.tlog\link.command.1.tlog
c:\users\charlotte\onedrive - staffordshire university\semester 2\foggs\hellogl - newest and working\hellogl\debug\hellogl.tlog\link.read.1.tlog
c:\users\charlotte\onedrive - staffordshire university\semester 2\foggs\hellogl - newest and working\hellogl\debug\hellogl.tlog\link.write.1.tlog
